# JRE version: OpenJDK Runtime Environment (7.0_45-b31) (build 1.7.0_45-b31)
# Java VM: OpenJDK 64-Bit Server VM (24.45-b08 mixed mode linux-amd64 compressed oops)
Heap
 PSYoungGen      total 679936K, used 0K [0x00000007d5500000, 0x0000000800000000, 0x0000000800000000)
  eden space 662016K, 0% used [0x00000007d5500000,0x00000007d5500000,0x00000007fdb80000)
  from space 17920K, 0% used [0x00000007fed80000,0x00000007fed80000,0x00000007fff00000)
  to   space 18432K, 0% used [0x00000007fdb80000,0x00000007fdb80000,0x00000007fed80000)
 ParOldGen       total 716800K, used 633680K [0x0000000780000000, 0x00000007abc00000, 0x00000007d5500000)
  object space 716800K, 88% used [0x0000000780000000,0x00000007a6ad43d0,0x00000007abc00000)
 PSPermGen       total 52224K, used 30962K [0x0000000775a00000, 0x0000000778d00000, 0x0000000780000000)
  object space 52224K, 59% used [0x0000000775a00000,0x000000077783cbb8,0x0000000778d00000)
GC Heap History (10 events):
Event: 389.433 GC heap after
Heap after GC invocations=98 (full 8):
 PSYoungGen      total 678400K, used 6813K [0x00000007d5500000, 0x00000007ffe80000, 0x0000000800000000)
  eden space 660992K, 0% used [0x00000007d5500000,0x00000007d5500000,0x00000007fda80000)
  from space 17408K, 39% used [0x00000007fed80000,0x00000007ff4276e0,0x00000007ffe80000)
  to   space 18432K, 0% used [0x00000007fda80000,0x00000007fda80000,0x00000007fec80000)
 ParOldGen       total 716800K, used 428705K [0x0000000780000000, 0x00000007abc00000, 0x00000007d5500000)
  object space 716800K, 59% used [0x0000000780000000,0x000000079a2a8570,0x00000007abc00000)
 PSPermGen       total 52224K, used 30920K [0x0000000775a00000, 0x0000000778d00000, 0x0000000780000000)
  object space 52224K, 59% used [0x0000000775a00000,0x0000000777832220,0x0000000778d00000)
}
Event: 394.729 GC heap before
{Heap before GC invocations=99 (full 8):
 PSYoungGen      total 678400K, used 667805K [0x00000007d5500000, 0x00000007ffe80000, 0x0000000800000000)
  eden space 660992K, 100% used [0x00000007d5500000,0x00000007fda80000,0x00000007fda80000)
  from space 17408K, 39% used [0x00000007fed80000,0x00000007ff4276e0,0x00000007ffe80000)
  to   space 18432K, 0% used [0x00000007fda80000,0x00000007fda80000,0x00000007fec80000)
 ParOldGen       total 716800K, used 428705K [0x0000000780000000, 0x00000007abc00000, 0x00000007d5500000)
  object space 716800K, 59% used [0x0000000780000000,0x000000079a2a8570,0x00000007abc00000)
 PSPermGen       total 52224K, used 30961K [0x0000000775a00000, 0x0000000778d00000, 0x0000000780000000)
  object space 52224K, 59% used [0x0000000775a00000,0x000000077783c580,0x0000000778d00000)
Event: 410.933 GC heap after
Heap after GC invocations=99 (full 8):
 PSYoungGen      total 679424K, used 12798K [0x00000007d5500000, 0x0000000800000000, 0x0000000800000000)
  eden space 660992K, 0% used [0x00000007d5500000,0x00000007d5500000,0x00000007fda80000)
  from space 18432K, 69% used [0x00000007fda80000,0x00000007fe6ff880,0x00000007fec80000)
  to   space 18944K, 0% used [0x00000007fed80000,0x00000007fed80000,0x0000000800000000)
 ParOldGen       total 716800K, used 528221K [0x0000000780000000, 0x00000007abc00000, 0x00000007d5500000)
  object space 716800K, 73% used [0x0000000780000000,0x00000007a03d7420,0x00000007abc00000)
 PSPermGen       total 52224K, used 30961K [0x0000000775a00000, 0x0000000778d00000, 0x0000000780000000)
  object space 52224K, 59% used [0x0000000775a00000,0x000000077783c580,0x0000000778d00000)
}
Event: 415.810 GC heap before
{Heap before GC invocations=100 (full 8):
 PSYoungGen      total 679424K, used 673790K [0x00000007d5500000, 0x0000000800000000, 0x0000000800000000)
  eden space 660992K, 100% used [0x00000007d5500000,0x00000007fda80000,0x00000007fda80000)
  from space 18432K, 69% used [0x00000007fda80000,0x00000007fe6ff880,0x00000007fec80000)
  to   space 18944K, 0% used [0x00000007fed80000,0x00000007fed80000,0x0000000800000000)
 ParOldGen       total 716800K, used 528221K [0x0000000780000000, 0x00000007abc00000, 0x00000007d5500000)
  object space 716800K, 73% used [0x0000000780000000,0x00000007a03d7420,0x00000007abc00000)
 PSPermGen       total 52224K, used 30961K [0x0000000775a00000, 0x0000000778d00000, 0x0000000780000000)
  object space 52224K, 59% used [0x0000000775a00000,0x000000077783c580,0x0000000778d00000)
Event: 416.239 GC heap after
Heap after GC invocations=100 (full 8):
 PSYoungGen      total 680448K, used 6797K [0x00000007d5500000, 0x00000007fff80000, 0x0000000800000000)
  eden space 662016K, 0% used [0x00000007d5500000,0x00000007d5500000,0x00000007fdb80000)
  from space 18432K, 36% used [0x00000007fed80000,0x00000007ff4236f8,0x00000007fff80000)
  to   space 18432K, 0% used [0x00000007fdb80000,0x00000007fdb80000,0x00000007fed80000)
 ParOldGen       total 716800K, used 534162K [0x0000000780000000, 0x00000007abc00000, 0x00000007d5500000)
  object space 716800K, 74% used [0x0000000780000000,0x00000007a09a4b08,0x00000007abc00000)
 PSPermGen       total 52224K, used 30961K [0x0000000775a00000, 0x0000000778d00000, 0x0000000780000000)
  object space 52224K, 59% used [0x0000000775a00000,0x000000077783c580,0x0000000778d00000)
}
Event: 421.257 GC heap before
{Heap before GC invocations=101 (full 8):
 PSYoungGen      total 680448K, used 668813K [0x00000007d5500000, 0x00000007fff80000, 0x0000000800000000)
  eden space 662016K, 100% used [0x00000007d5500000,0x00000007fdb80000,0x00000007fdb80000)
  from space 18432K, 36% used [0x00000007fed80000,0x00000007ff4236f8,0x00000007fff80000)
  to   space 18432K, 0% used [0x00000007fdb80000,0x00000007fdb80000,0x00000007fed80000)
 ParOldGen       total 716800K, used 534162K [0x0000000780000000, 0x00000007abc00000, 0x00000007d5500000)
  object space 716800K, 74% used [0x0000000780000000,0x00000007a09a4b08,0x00000007abc00000)
 PSPermGen       total 52224K, used 30961K [0x0000000775a00000, 0x0000000778d00000, 0x0000000780000000)
  object space 52224K, 59% used [0x0000000775a00000,0x000000077783c580,0x0000000778d00000)
Event: 421.265 GC heap after
Heap after GC invocations=101 (full 8):
 PSYoungGen      total 680448K, used 6775K [0x00000007d5500000, 0x00000007fff00000, 0x0000000800000000)
  eden space 662016K, 0% used [0x00000007d5500000,0x00000007d5500000,0x00000007fdb80000)
  from space 18432K, 36% used [0x00000007fdb80000,0x00000007fe21dd08,0x00000007fed80000)
  to   space 17920K, 0% used [0x00000007fed80000,0x00000007fed80000,0x00000007fff00000)
 ParOldGen       total 716800K, used 534194K [0x0000000780000000, 0x00000007abc00000, 0x00000007d5500000)
  object space 716800K, 74% used [0x0000000780000000,0x00000007a09acb08,0x00000007abc00000)
 PSPermGen       total 52224K, used 30961K [0x0000000775a00000, 0x0000000778d00000, 0x0000000780000000)
  object space 52224K, 59% used [0x0000000775a00000,0x000000077783c580,0x0000000778d00000)
}
Event: 425.345 GC heap before
{Heap before GC invocations=102 (full 8):
 PSYoungGen      total 680448K, used 668791K [0x00000007d5500000, 0x00000007fff00000, 0x0000000800000000)
  eden space 662016K, 100% used [0x00000007d5500000,0x00000007fdb80000,0x00000007fdb80000)
  from space 18432K, 36% used [0x00000007fdb80000,0x00000007fe21dd08,0x00000007fed80000)
  to   space 17920K, 0% used [0x00000007fed80000,0x00000007fed80000,0x00000007fff00000)
 ParOldGen       total 716800K, used 534194K [0x0000000780000000, 0x00000007abc00000, 0x00000007d5500000)
  object space 716800K, 74% used [0x0000000780000000,0x00000007a09acb08,0x00000007abc00000)
 PSPermGen       total 52224K, used 30962K [0x0000000775a00000, 0x0000000778d00000, 0x0000000780000000)
  object space 52224K, 59% used [0x0000000775a00000,0x000000077783cbb8,0x0000000778d00000)
Event: 430.466 GC heap after
Heap after GC invocations=102 (full 8):
 PSYoungGen      total 679936K, used 12773K [0x00000007d5500000, 0x0000000800000000, 0x0000000800000000)
  eden space 662016K, 0% used [0x00000007d5500000,0x00000007d5500000,0x00000007fdb80000)
  from space 17920K, 71% used [0x00000007fed80000,0x00000007ff9f97f0,0x00000007fff00000)
  to   space 18432K, 0% used [0x00000007fdb80000,0x00000007fdb80000,0x00000007fed80000)
 ParOldGen       total 716800K, used 633713K [0x0000000780000000, 0x00000007abc00000, 0x00000007d5500000)
  object space 716800K, 88% used [0x0000000780000000,0x00000007a6adc450,0x00000007abc00000)
 PSPermGen       total 52224K, used 30962K [0x0000000775a00000, 0x0000000778d00000, 0x0000000780000000)
  object space 52224K, 59% used [0x0000000775a00000,0x000000077783cbb8,0x0000000778d00000)
}
Event: 430.513 GC heap before
{Heap before GC invocations=103 (full 9):
 PSYoungGen      total 679936K, used 12773K [0x00000007d5500000, 0x0000000800000000, 0x0000000800000000)
  eden space 662016K, 0% used [0x00000007d5500000,0x00000007d5500000,0x00000007fdb80000)
  from space 17920K, 71% used [0x00000007fed80000,0x00000007ff9f97f0,0x00000007fff00000)
  to   space 18432K, 0% used [0x00000007fdb80000,0x00000007fdb80000,0x00000007fed80000)
 ParOldGen       total 716800K, used 633713K [0x0000000780000000, 0x00000007abc00000, 0x00000007d5500000)
  object space 716800K, 88% used [0x0000000780000000,0x00000007a6adc450,0x00000007abc00000)
 PSPermGen       total 52224K, used 30962K [0x0000000775a00000, 0x0000000778d00000, 0x0000000780000000)
  object space 52224K, 59% used [0x0000000775a00000,0x000000077783cbb8,0x0000000778d00000)

